2026-02-17T11:22:36: Error: Failed to find Server Action "x". This request might be from an older or newer deployment.
Read more: https://nextjs.org/docs/messages/failed-to-find-server-action
    at ignore-listed frames
2026-02-17T11:22:42: Error: Failed to find Server Action "x". This request might be from an older or newer deployment.
Read more: https://nextjs.org/docs/messages/failed-to-find-server-action
    at ignore-listed frames
2026-02-17T14:48:24: Error: Failed to find Server Action "x". This request might be from an older or newer deployment.
Read more: https://nextjs.org/docs/messages/failed-to-find-server-action
    at ignore-listed frames
2026-02-17T14:48:30: Error: Failed to find Server Action "x". This request might be from an older or newer deployment.
Read more: https://nextjs.org/docs/messages/failed-to-find-server-action
    at ignore-listed frames
2026-02-17T14:49:30: Error: Failed to find Server Action "x". This request might be from an older or newer deployment.
Read more: https://nextjs.org/docs/messages/failed-to-find-server-action
    at ignore-listed frames
2026-02-17T14:49:35: Error: Failed to find Server Action "x". This request might be from an older or newer deployment.
Read more: https://nextjs.org/docs/messages/failed-to-find-server-action
    at ignore-listed frames
2026-02-17T18:53:18: Error: Failed to find Server Action "cd". This request might be from an older or newer deployment.
Read more: https://nextjs.org/docs/messages/failed-to-find-server-action
    at ignore-listed frames
2026-02-17T19:00:38: Error: Failed to find Server Action "28bg". This request might be from an older or newer deployment.
Read more: https://nextjs.org/docs/messages/failed-to-find-server-action
    at ignore-listed frames
2026-02-17T20:05:24: Error: Failed to find Server Action "x". This request might be from an older or newer deployment.
Read more: https://nextjs.org/docs/messages/failed-to-find-server-action
    at ignore-listed frames
2026-02-17T20:05:30: Error: Failed to find Server Action "x". This request might be from an older or newer deployment.
Read more: https://nextjs.org/docs/messages/failed-to-find-server-action
    at ignore-listed frames
You have triggered an unhandledRejection, you may have forgotten to catch a Promise rejection:
ChunkLoadError: Failed to load chunk server/chunks/ssr/[root-of-the-server]__b4725ead._.js from module 725244
    at Context.loadChunkAsync [as l] (/Users/nit/tms/.next/server/chunks/ssr/[turbopack]_runtime.js:683:27)
    at Object.loadChunk (/Users/nit/tms/node_modules/next/dist/compiled/next-server/app-page-turbo.runtime.prod.js:21:17666)
    at globalThis.__next_chunk_load__ (/Users/nit/tms/node_modules/next/dist/compiled/next-server/app-page-turbo.runtime.prod.js:21:18204)
    at d (/Users/nit/tms/node_modules/next/dist/compiled/next-server/app-page-turbo.runtime.prod.js:2:150326)
    at em (/Users/nit/tms/node_modules/next/dist/compiled/next-server/app-page-turbo.runtime.prod.js:2:171956)
    at /Users/nit/tms/node_modules/next/dist/compiled/next-server/app-page-turbo.runtime.prod.js:2:174721
    at eg (/Users/nit/tms/node_modules/next/dist/compiled/next-server/app-page-turbo.runtime.prod.js:2:174748)
    at t (/Users/nit/tms/node_modules/next/dist/compiled/next-server/app-page-turbo.runtime.prod.js:2:175602)
2026-02-18T01:04:32: Error [ChunkLoadError]: Failed to load chunk server/chunks/ssr/[root-of-the-server]__b4725ead._.js from module 725244
    at Context.loadChunkAsync [as l] (.next/server/chunks/ssr/[turbopack]_runtime.js:683:27) {
  [cause]: Error: Cannot find module '/Users/nit/tms/.next/server/chunks/ssr/[root-of-the-server]__b4725ead._.js'
  Require stack:
  - /Users/nit/tms/.next/server/chunks/ssr/[turbopack]_runtime.js
  - /Users/nit/tms/.next/server/pages/_document.js
  - /Users/nit/tms/node_modules/next/dist/server/require.js
  - /Users/nit/tms/node_modules/next/dist/server/load-components.js
  - /Users/nit/tms/node_modules/next/dist/build/utils.js
  - /Users/nit/tms/node_modules/next/dist/build/swc/options.js
  - /Users/nit/tms/node_modules/next/dist/build/swc/index.js
  - /Users/nit/tms/node_modules/next/dist/build/next-config-ts/transpile-config.js
  - /Users/nit/tms/node_modules/next/dist/server/config.js
  - /Users/nit/tms/node_modules/next/dist/cli/next-test.js
  - /Users/nit/tms/node_modules/next/dist/bin/next
      at Context.loadChunkAsync [as l] (.next/server/chunks/ssr/[turbopack]_runtime.js:678:34) {
    code: 'MODULE_NOT_FOUND',
    requireStack: [
      '/Users/nit/tms/.next/server/chunks/ssr/[turbopack]_runtime.js',
      '/Users/nit/tms/.next/server/pages/_document.js',
      '/Users/nit/tms/node_modules/next/dist/server/require.js',
      '/Users/nit/tms/node_modules/next/dist/server/load-components.js',
      '/Users/nit/tms/node_modules/next/dist/build/utils.js',
      '/Users/nit/tms/node_modules/next/dist/build/swc/options.js',
      '/Users/nit/tms/node_modules/next/dist/build/swc/index.js',
      '/Users/nit/tms/node_modules/next/dist/build/next-config-ts/transpile-config.js',
      '/Users/nit/tms/node_modules/next/dist/server/config.js',
      '/Users/nit/tms/node_modules/next/dist/cli/next-test.js',
      '/Users/nit/tms/node_modules/next/dist/bin/next'
    ]
  }
}
2026-02-18T01:04:32: ⨯ unhandledRejection:  Error [ChunkLoadError]: Failed to load chunk server/chunks/ssr/[root-of-the-server]__b4725ead._.js from module 725244
    at Context.loadChunkAsync [as l] (.next/server/chunks/ssr/[turbopack]_runtime.js:683:27) {
  [cause]: Error: Cannot find module '/Users/nit/tms/.next/server/chunks/ssr/[root-of-the-server]__b4725ead._.js'
  Require stack:
  - /Users/nit/tms/.next/server/chunks/ssr/[turbopack]_runtime.js
  - /Users/nit/tms/.next/server/pages/_document.js
  - /Users/nit/tms/node_modules/next/dist/server/require.js
  - /Users/nit/tms/node_modules/next/dist/server/load-components.js
  - /Users/nit/tms/node_modules/next/dist/build/utils.js
  - /Users/nit/tms/node_modules/next/dist/build/swc/options.js
  - /Users/nit/tms/node_modules/next/dist/build/swc/index.js
  - /Users/nit/tms/node_modules/next/dist/build/next-config-ts/transpile-config.js
  - /Users/nit/tms/node_modules/next/dist/server/config.js
  - /Users/nit/tms/node_modules/next/dist/cli/next-test.js
  - /Users/nit/tms/node_modules/next/dist/bin/next
      at Context.loadChunkAsync [as l] (.next/server/chunks/ssr/[turbopack]_runtime.js:678:34) {
    code: 'MODULE_NOT_FOUND',
    requireStack: [
      '/Users/nit/tms/.next/server/chunks/ssr/[turbopack]_runtime.js',
      '/Users/nit/tms/.next/server/pages/_document.js',
      '/Users/nit/tms/node_modules/next/dist/server/require.js',
      '/Users/nit/tms/node_modules/next/dist/server/load-components.js',
      '/Users/nit/tms/node_modules/next/dist/build/utils.js',
      '/Users/nit/tms/node_modules/next/dist/build/swc/options.js',
      '/Users/nit/tms/node_modules/next/dist/build/swc/index.js',
      '/Users/nit/tms/node_modules/next/dist/build/next-config-ts/transpile-config.js',
      '/Users/nit/tms/node_modules/next/dist/server/config.js',
      '/Users/nit/tms/node_modules/next/dist/cli/next-test.js',
      '/Users/nit/tms/node_modules/next/dist/bin/next'
    ]
  }
}
You have triggered an unhandledRejection, you may have forgotten to catch a Promise rejection:
ChunkLoadError: Failed to load chunk server/chunks/ssr/[root-of-the-server]__b4725ead._.js from module 725244
    at Context.loadChunkAsync [as l] (/Users/nit/tms/.next/server/chunks/ssr/[turbopack]_runtime.js:683:27)
    at Object.loadChunk (/Users/nit/tms/node_modules/next/dist/compiled/next-server/app-page-turbo.runtime.prod.js:21:17666)
    at globalThis.__next_chunk_load__ (/Users/nit/tms/node_modules/next/dist/compiled/next-server/app-page-turbo.runtime.prod.js:21:18204)
    at d (/Users/nit/tms/node_modules/next/dist/compiled/next-server/app-page-turbo.runtime.prod.js:2:150326)
    at em (/Users/nit/tms/node_modules/next/dist/compiled/next-server/app-page-turbo.runtime.prod.js:2:171956)
    at /Users/nit/tms/node_modules/next/dist/compiled/next-server/app-page-turbo.runtime.prod.js:2:174721
    at eg (/Users/nit/tms/node_modules/next/dist/compiled/next-server/app-page-turbo.runtime.prod.js:2:174748)
    at t (/Users/nit/tms/node_modules/next/dist/compiled/next-server/app-page-turbo.runtime.prod.js:2:175602)
2026-02-18T01:04:32: Error [ChunkLoadError]: Failed to load chunk server/chunks/ssr/[root-of-the-server]__b4725ead._.js from module 725244
    at Context.loadChunkAsync [as l] (.next/server/chunks/ssr/[turbopack]_runtime.js:683:27) {
  [cause]: Error: Cannot find module '/Users/nit/tms/.next/server/chunks/ssr/[root-of-the-server]__b4725ead._.js'
  Require stack:
  - /Users/nit/tms/.next/server/chunks/ssr/[turbopack]_runtime.js
  - /Users/nit/tms/.next/server/pages/_document.js
  - /Users/nit/tms/node_modules/next/dist/server/require.js
  - /Users/nit/tms/node_modules/next/dist/server/load-components.js
  - /Users/nit/tms/node_modules/next/dist/build/utils.js
  - /Users/nit/tms/node_modules/next/dist/build/swc/options.js
  - /Users/nit/tms/node_modules/next/dist/build/swc/index.js
  - /Users/nit/tms/node_modules/next/dist/build/next-config-ts/transpile-config.js
  - /Users/nit/tms/node_modules/next/dist/server/config.js
  - /Users/nit/tms/node_modules/next/dist/cli/next-test.js
  - /Users/nit/tms/node_modules/next/dist/bin/next
      at Context.loadChunkAsync [as l] (.next/server/chunks/ssr/[turbopack]_runtime.js:678:34) {
    code: 'MODULE_NOT_FOUND',
    requireStack: [
      '/Users/nit/tms/.next/server/chunks/ssr/[turbopack]_runtime.js',
      '/Users/nit/tms/.next/server/pages/_document.js',
      '/Users/nit/tms/node_modules/next/dist/server/require.js',
      '/Users/nit/tms/node_modules/next/dist/server/load-components.js',
      '/Users/nit/tms/node_modules/next/dist/build/utils.js',
      '/Users/nit/tms/node_modules/next/dist/build/swc/options.js',
      '/Users/nit/tms/node_modules/next/dist/build/swc/index.js',
      '/Users/nit/tms/node_modules/next/dist/build/next-config-ts/transpile-config.js',
      '/Users/nit/tms/node_modules/next/dist/server/config.js',
      '/Users/nit/tms/node_modules/next/dist/cli/next-test.js',
      '/Users/nit/tms/node_modules/next/dist/bin/next'
    ]
  }
}
2026-02-18T01:04:32: ⨯ unhandledRejection:  Error [ChunkLoadError]: Failed to load chunk server/chunks/ssr/[root-of-the-server]__b4725ead._.js from module 725244
    at Context.loadChunkAsync [as l] (.next/server/chunks/ssr/[turbopack]_runtime.js:683:27) {
  [cause]: Error: Cannot find module '/Users/nit/tms/.next/server/chunks/ssr/[root-of-the-server]__b4725ead._.js'
  Require stack:
  - /Users/nit/tms/.next/server/chunks/ssr/[turbopack]_runtime.js
  - /Users/nit/tms/.next/server/pages/_document.js
  - /Users/nit/tms/node_modules/next/dist/server/require.js
  - /Users/nit/tms/node_modules/next/dist/server/load-components.js
  - /Users/nit/tms/node_modules/next/dist/build/utils.js
  - /Users/nit/tms/node_modules/next/dist/build/swc/options.js
  - /Users/nit/tms/node_modules/next/dist/build/swc/index.js
  - /Users/nit/tms/node_modules/next/dist/build/next-config-ts/transpile-config.js
  - /Users/nit/tms/node_modules/next/dist/server/config.js
  - /Users/nit/tms/node_modules/next/dist/cli/next-test.js
  - /Users/nit/tms/node_modules/next/dist/bin/next
      at Context.loadChunkAsync [as l] (.next/server/chunks/ssr/[turbopack]_runtime.js:678:34) {
    code: 'MODULE_NOT_FOUND',
    requireStack: [
      '/Users/nit/tms/.next/server/chunks/ssr/[turbopack]_runtime.js',
      '/Users/nit/tms/.next/server/pages/_document.js',
      '/Users/nit/tms/node_modules/next/dist/server/require.js',
      '/Users/nit/tms/node_modules/next/dist/server/load-components.js',
      '/Users/nit/tms/node_modules/next/dist/build/utils.js',
      '/Users/nit/tms/node_modules/next/dist/build/swc/options.js',
      '/Users/nit/tms/node_modules/next/dist/build/swc/index.js',
      '/Users/nit/tms/node_modules/next/dist/build/next-config-ts/transpile-config.js',
      '/Users/nit/tms/node_modules/next/dist/server/config.js',
      '/Users/nit/tms/node_modules/next/dist/cli/next-test.js',
      '/Users/nit/tms/node_modules/next/dist/bin/next'
    ]
  }
}
You have triggered an unhandledRejection, you may have forgotten to catch a Promise rejection:
ChunkLoadError: Failed to load chunk server/chunks/ssr/[root-of-the-server]__b4725ead._.js from module 725244
    at Context.loadChunkAsync [as l] (/Users/nit/tms/.next/server/chunks/ssr/[turbopack]_runtime.js:683:27)
    at Object.loadChunk (/Users/nit/tms/node_modules/next/dist/compiled/next-server/app-page-turbo.runtime.prod.js:21:17666)
    at globalThis.__next_chunk_load__ (/Users/nit/tms/node_modules/next/dist/compiled/next-server/app-page-turbo.runtime.prod.js:21:18204)
    at d (/Users/nit/tms/node_modules/next/dist/compiled/next-server/app-page-turbo.runtime.prod.js:2:150326)
    at em (/Users/nit/tms/node_modules/next/dist/compiled/next-server/app-page-turbo.runtime.prod.js:2:171956)
    at /Users/nit/tms/node_modules/next/dist/compiled/next-server/app-page-turbo.runtime.prod.js:2:174721
    at eg (/Users/nit/tms/node_modules/next/dist/compiled/next-server/app-page-turbo.runtime.prod.js:2:174748)
    at t (/Users/nit/tms/node_modules/next/dist/compiled/next-server/app-page-turbo.runtime.prod.js:2:175602)
2026-02-18T01:04:32: Error [ChunkLoadError]: Failed to load chunk server/chunks/ssr/[root-of-the-server]__b4725ead._.js from module 725244
    at Context.loadChunkAsync [as l] (.next/server/chunks/ssr/[turbopack]_runtime.js:683:27) {
  [cause]: Error: Cannot find module '/Users/nit/tms/.next/server/chunks/ssr/[root-of-the-server]__b4725ead._.js'
  Require stack:
  - /Users/nit/tms/.next/server/chunks/ssr/[turbopack]_runtime.js
  - /Users/nit/tms/.next/server/pages/_document.js
  - /Users/nit/tms/node_modules/next/dist/server/require.js
  - /Users/nit/tms/node_modules/next/dist/server/load-components.js
  - /Users/nit/tms/node_modules/next/dist/build/utils.js
  - /Users/nit/tms/node_modules/next/dist/build/swc/options.js
  - /Users/nit/tms/node_modules/next/dist/build/swc/index.js
  - /Users/nit/tms/node_modules/next/dist/build/next-config-ts/transpile-config.js
  - /Users/nit/tms/node_modules/next/dist/server/config.js
  - /Users/nit/tms/node_modules/next/dist/cli/next-test.js
  - /Users/nit/tms/node_modules/next/dist/bin/next
      at Context.loadChunkAsync [as l] (.next/server/chunks/ssr/[turbopack]_runtime.js:678:34) {
    code: 'MODULE_NOT_FOUND',
    requireStack: [
      '/Users/nit/tms/.next/server/chunks/ssr/[turbopack]_runtime.js',
      '/Users/nit/tms/.next/server/pages/_document.js',
      '/Users/nit/tms/node_modules/next/dist/server/require.js',
      '/Users/nit/tms/node_modules/next/dist/server/load-components.js',
      '/Users/nit/tms/node_modules/next/dist/build/utils.js',
      '/Users/nit/tms/node_modules/next/dist/build/swc/options.js',
      '/Users/nit/tms/node_modules/next/dist/build/swc/index.js',
      '/Users/nit/tms/node_modules/next/dist/build/next-config-ts/transpile-config.js',
      '/Users/nit/tms/node_modules/next/dist/server/config.js',
      '/Users/nit/tms/node_modules/next/dist/cli/next-test.js',
      '/Users/nit/tms/node_modules/next/dist/bin/next'
    ]
  }
}
2026-02-18T01:04:32: ⨯ unhandledRejection:  Error [ChunkLoadError]: Failed to load chunk server/chunks/ssr/[root-of-the-server]__b4725ead._.js from module 725244
    at Context.loadChunkAsync [as l] (.next/server/chunks/ssr/[turbopack]_runtime.js:683:27) {
  [cause]: Error: Cannot find module '/Users/nit/tms/.next/server/chunks/ssr/[root-of-the-server]__b4725ead._.js'
  Require stack:
  - /Users/nit/tms/.next/server/chunks/ssr/[turbopack]_runtime.js
  - /Users/nit/tms/.next/server/pages/_document.js
  - /Users/nit/tms/node_modules/next/dist/server/require.js
  - /Users/nit/tms/node_modules/next/dist/server/load-components.js
  - /Users/nit/tms/node_modules/next/dist/build/utils.js
  - /Users/nit/tms/node_modules/next/dist/build/swc/options.js
  - /Users/nit/tms/node_modules/next/dist/build/swc/index.js
  - /Users/nit/tms/node_modules/next/dist/build/next-config-ts/transpile-config.js
  - /Users/nit/tms/node_modules/next/dist/server/config.js
  - /Users/nit/tms/node_modules/next/dist/cli/next-test.js
  - /Users/nit/tms/node_modules/next/dist/bin/next
      at Context.loadChunkAsync [as l] (.next/server/chunks/ssr/[turbopack]_runtime.js:678:34) {
    code: 'MODULE_NOT_FOUND',
    requireStack: [
      '/Users/nit/tms/.next/server/chunks/ssr/[turbopack]_runtime.js',
      '/Users/nit/tms/.next/server/pages/_document.js',
      '/Users/nit/tms/node_modules/next/dist/server/require.js',
      '/Users/nit/tms/node_modules/next/dist/server/load-components.js',
      '/Users/nit/tms/node_modules/next/dist/build/utils.js',
      '/Users/nit/tms/node_modules/next/dist/build/swc/options.js',
      '/Users/nit/tms/node_modules/next/dist/build/swc/index.js',
      '/Users/nit/tms/node_modules/next/dist/build/next-config-ts/transpile-config.js',
      '/Users/nit/tms/node_modules/next/dist/server/config.js',
      '/Users/nit/tms/node_modules/next/dist/cli/next-test.js',
      '/Users/nit/tms/node_modules/next/dist/bin/next'
    ]
  }
}
You have triggered an unhandledRejection, you may have forgotten to catch a Promise rejection:
ChunkLoadError: Failed to load chunk server/chunks/ssr/[root-of-the-server]__b4725ead._.js from module 725244
    at Context.loadChunkAsync [as l] (/Users/nit/tms/.next/server/chunks/ssr/[turbopack]_runtime.js:683:27)
    at Object.loadChunk (/Users/nit/tms/node_modules/next/dist/compiled/next-server/app-page-turbo.runtime.prod.js:21:17666)
    at globalThis.__next_chunk_load__ (/Users/nit/tms/node_modules/next/dist/compiled/next-server/app-page-turbo.runtime.prod.js:21:18204)
    at d (/Users/nit/tms/node_modules/next/dist/compiled/next-server/app-page-turbo.runtime.prod.js:2:150326)
    at em (/Users/nit/tms/node_modules/next/dist/compiled/next-server/app-page-turbo.runtime.prod.js:2:171956)
    at /Users/nit/tms/node_modules/next/dist/compiled/next-server/app-page-turbo.runtime.prod.js:2:174721
    at eg (/Users/nit/tms/node_modules/next/dist/compiled/next-server/app-page-turbo.runtime.prod.js:2:174748)
    at t (/Users/nit/tms/node_modules/next/dist/compiled/next-server/app-page-turbo.runtime.prod.js:2:175602)
2026-02-18T01:04:32: Error [ChunkLoadError]: Failed to load chunk server/chunks/ssr/[root-of-the-server]__b4725ead._.js from module 725244
    at Context.loadChunkAsync [as l] (.next/server/chunks/ssr/[turbopack]_runtime.js:683:27) {
  [cause]: Error: Cannot find module '/Users/nit/tms/.next/server/chunks/ssr/[root-of-the-server]__b4725ead._.js'
  Require stack:
  - /Users/nit/tms/.next/server/chunks/ssr/[turbopack]_runtime.js
  - /Users/nit/tms/.next/server/pages/_document.js
  - /Users/nit/tms/node_modules/next/dist/server/require.js
  - /Users/nit/tms/node_modules/next/dist/server/load-components.js
  - /Users/nit/tms/node_modules/next/dist/build/utils.js
  - /Users/nit/tms/node_modules/next/dist/build/swc/options.js
  - /Users/nit/tms/node_modules/next/dist/build/swc/index.js
  - /Users/nit/tms/node_modules/next/dist/build/next-config-ts/transpile-config.js
  - /Users/nit/tms/node_modules/next/dist/server/config.js
  - /Users/nit/tms/node_modules/next/dist/cli/next-test.js
  - /Users/nit/tms/node_modules/next/dist/bin/next
      at Context.loadChunkAsync [as l] (.next/server/chunks/ssr/[turbopack]_runtime.js:678:34) {
    code: 'MODULE_NOT_FOUND',
    requireStack: [
      '/Users/nit/tms/.next/server/chunks/ssr/[turbopack]_runtime.js',
      '/Users/nit/tms/.next/server/pages/_document.js',
      '/Users/nit/tms/node_modules/next/dist/server/require.js',
      '/Users/nit/tms/node_modules/next/dist/server/load-components.js',
      '/Users/nit/tms/node_modules/next/dist/build/utils.js',
      '/Users/nit/tms/node_modules/next/dist/build/swc/options.js',
      '/Users/nit/tms/node_modules/next/dist/build/swc/index.js',
      '/Users/nit/tms/node_modules/next/dist/build/next-config-ts/transpile-config.js',
      '/Users/nit/tms/node_modules/next/dist/server/config.js',
      '/Users/nit/tms/node_modules/next/dist/cli/next-test.js',
      '/Users/nit/tms/node_modules/next/dist/bin/next'
    ]
  }
}
2026-02-18T01:04:32: ⨯ unhandledRejection:  Error [ChunkLoadError]: Failed to load chunk server/chunks/ssr/[root-of-the-server]__b4725ead._.js from module 725244
    at Context.loadChunkAsync [as l] (.next/server/chunks/ssr/[turbopack]_runtime.js:683:27) {
  [cause]: Error: Cannot find module '/Users/nit/tms/.next/server/chunks/ssr/[root-of-the-server]__b4725ead._.js'
  Require stack:
  - /Users/nit/tms/.next/server/chunks/ssr/[turbopack]_runtime.js
  - /Users/nit/tms/.next/server/pages/_document.js
  - /Users/nit/tms/node_modules/next/dist/server/require.js
  - /Users/nit/tms/node_modules/next/dist/server/load-components.js
  - /Users/nit/tms/node_modules/next/dist/build/utils.js
  - /Users/nit/tms/node_modules/next/dist/build/swc/options.js
  - /Users/nit/tms/node_modules/next/dist/build/swc/index.js
  - /Users/nit/tms/node_modules/next/dist/build/next-config-ts/transpile-config.js
  - /Users/nit/tms/node_modules/next/dist/server/config.js
  - /Users/nit/tms/node_modules/next/dist/cli/next-test.js
  - /Users/nit/tms/node_modules/next/dist/bin/next
      at Context.loadChunkAsync [as l] (.next/server/chunks/ssr/[turbopack]_runtime.js:678:34) {
    code: 'MODULE_NOT_FOUND',
    requireStack: [
      '/Users/nit/tms/.next/server/chunks/ssr/[turbopack]_runtime.js',
      '/Users/nit/tms/.next/server/pages/_document.js',
      '/Users/nit/tms/node_modules/next/dist/server/require.js',
      '/Users/nit/tms/node_modules/next/dist/server/load-components.js',
      '/Users/nit/tms/node_modules/next/dist/build/utils.js',
      '/Users/nit/tms/node_modules/next/dist/build/swc/options.js',
      '/Users/nit/tms/node_modules/next/dist/build/swc/index.js',
      '/Users/nit/tms/node_modules/next/dist/build/next-config-ts/transpile-config.js',
      '/Users/nit/tms/node_modules/next/dist/server/config.js',
      '/Users/nit/tms/node_modules/next/dist/cli/next-test.js',
      '/Users/nit/tms/node_modules/next/dist/bin/next'
    ]
  }
}
You have triggered an unhandledRejection, you may have forgotten to catch a Promise rejection:
ChunkLoadError: Failed to load chunk server/chunks/ssr/[root-of-the-server]__b4725ead._.js from module 725244
    at Context.loadChunkAsync [as l] (/Users/nit/tms/.next/server/chunks/ssr/[turbopack]_runtime.js:683:27)
    at Object.loadChunk (/Users/nit/tms/node_modules/next/dist/compiled/next-server/app-page-turbo.runtime.prod.js:21:17666)
    at globalThis.__next_chunk_load__ (/Users/nit/tms/node_modules/next/dist/compiled/next-server/app-page-turbo.runtime.prod.js:21:18204)
    at d (/Users/nit/tms/node_modules/next/dist/compiled/next-server/app-page-turbo.runtime.prod.js:2:150326)
    at em (/Users/nit/tms/node_modules/next/dist/compiled/next-server/app-page-turbo.runtime.prod.js:2:171956)
    at /Users/nit/tms/node_modules/next/dist/compiled/next-server/app-page-turbo.runtime.prod.js:2:174721
    at eg (/Users/nit/tms/node_modules/next/dist/compiled/next-server/app-page-turbo.runtime.prod.js:2:174748)
    at t (/Users/nit/tms/node_modules/next/dist/compiled/next-server/app-page-turbo.runtime.prod.js:2:175602)
2026-02-18T01:04:32: Error [ChunkLoadError]: Failed to load chunk server/chunks/ssr/[root-of-the-server]__b4725ead._.js from module 725244
    at Context.loadChunkAsync [as l] (.next/server/chunks/ssr/[turbopack]_runtime.js:683:27) {
  [cause]: Error: Cannot find module '/Users/nit/tms/.next/server/chunks/ssr/[root-of-the-server]__b4725ead._.js'
  Require stack:
  - /Users/nit/tms/.next/server/chunks/ssr/[turbopack]_runtime.js
  - /Users/nit/tms/.next/server/pages/_document.js
  - /Users/nit/tms/node_modules/next/dist/server/require.js
  - /Users/nit/tms/node_modules/next/dist/server/load-components.js
  - /Users/nit/tms/node_modules/next/dist/build/utils.js
  - /Users/nit/tms/node_modules/next/dist/build/swc/options.js
  - /Users/nit/tms/node_modules/next/dist/build/swc/index.js
  - /Users/nit/tms/node_modules/next/dist/build/next-config-ts/transpile-config.js
  - /Users/nit/tms/node_modules/next/dist/server/config.js
  - /Users/nit/tms/node_modules/next/dist/cli/next-test.js
  - /Users/nit/tms/node_modules/next/dist/bin/next
      at Context.loadChunkAsync [as l] (.next/server/chunks/ssr/[turbopack]_runtime.js:678:34) {
    code: 'MODULE_NOT_FOUND',
    requireStack: [
      '/Users/nit/tms/.next/server/chunks/ssr/[turbopack]_runtime.js',
      '/Users/nit/tms/.next/server/pages/_document.js',
      '/Users/nit/tms/node_modules/next/dist/server/require.js',
      '/Users/nit/tms/node_modules/next/dist/server/load-components.js',
      '/Users/nit/tms/node_modules/next/dist/build/utils.js',
      '/Users/nit/tms/node_modules/next/dist/build/swc/options.js',
      '/Users/nit/tms/node_modules/next/dist/build/swc/index.js',
      '/Users/nit/tms/node_modules/next/dist/build/next-config-ts/transpile-config.js',
      '/Users/nit/tms/node_modules/next/dist/server/config.js',
      '/Users/nit/tms/node_modules/next/dist/cli/next-test.js',
      '/Users/nit/tms/node_modules/next/dist/bin/next'
    ]
  }
}
2026-02-18T01:04:32: ⨯ unhandledRejection:  Error [ChunkLoadError]: Failed to load chunk server/chunks/ssr/[root-of-the-server]__b4725ead._.js from module 725244
    at Context.loadChunkAsync [as l] (.next/server/chunks/ssr/[turbopack]_runtime.js:683:27) {
  [cause]: Error: Cannot find module '/Users/nit/tms/.next/server/chunks/ssr/[root-of-the-server]__b4725ead._.js'
  Require stack:
  - /Users/nit/tms/.next/server/chunks/ssr/[turbopack]_runtime.js
  - /Users/nit/tms/.next/server/pages/_document.js
  - /Users/nit/tms/node_modules/next/dist/server/require.js
  - /Users/nit/tms/node_modules/next/dist/server/load-components.js
  - /Users/nit/tms/node_modules/next/dist/build/utils.js
  - /Users/nit/tms/node_modules/next/dist/build/swc/options.js
  - /Users/nit/tms/node_modules/next/dist/build/swc/index.js
  - /Users/nit/tms/node_modules/next/dist/build/next-config-ts/transpile-config.js
  - /Users/nit/tms/node_modules/next/dist/server/config.js
  - /Users/nit/tms/node_modules/next/dist/cli/next-test.js
  - /Users/nit/tms/node_modules/next/dist/bin/next
      at Context.loadChunkAsync [as l] (.next/server/chunks/ssr/[turbopack]_runtime.js:678:34) {
    code: 'MODULE_NOT_FOUND',
    requireStack: [
      '/Users/nit/tms/.next/server/chunks/ssr/[turbopack]_runtime.js',
      '/Users/nit/tms/.next/server/pages/_document.js',
      '/Users/nit/tms/node_modules/next/dist/server/require.js',
      '/Users/nit/tms/node_modules/next/dist/server/load-components.js',
      '/Users/nit/tms/node_modules/next/dist/build/utils.js',
      '/Users/nit/tms/node_modules/next/dist/build/swc/options.js',
      '/Users/nit/tms/node_modules/next/dist/build/swc/index.js',
      '/Users/nit/tms/node_modules/next/dist/build/next-config-ts/transpile-config.js',
      '/Users/nit/tms/node_modules/next/dist/server/config.js',
      '/Users/nit/tms/node_modules/next/dist/cli/next-test.js',
      '/Users/nit/tms/node_modules/next/dist/bin/next'
    ]
  }
}
2026-02-18T01:04:32: ⨯ Error [ChunkLoadError]: Failed to load chunk server/chunks/ssr/[root-of-the-server]__b4725ead._.js from module 725244
    at Context.loadChunkAsync [as l] (.next/server/chunks/ssr/[turbopack]_runtime.js:683:27) {
  digest: '463145494',
  [cause]: Error: Cannot find module '/Users/nit/tms/.next/server/chunks/ssr/[root-of-the-server]__b4725ead._.js'
  Require stack:
  - /Users/nit/tms/.next/server/chunks/ssr/[turbopack]_runtime.js
  - /Users/nit/tms/.next/server/pages/_document.js
  - /Users/nit/tms/node_modules/next/dist/server/require.js
  - /Users/nit/tms/node_modules/next/dist/server/load-components.js
  - /Users/nit/tms/node_modules/next/dist/build/utils.js
  - /Users/nit/tms/node_modules/next/dist/build/swc/options.js
  - /Users/nit/tms/node_modules/next/dist/build/swc/index.js
  - /Users/nit/tms/node_modules/next/dist/build/next-config-ts/transpile-config.js
  - /Users/nit/tms/node_modules/next/dist/server/config.js
  - /Users/nit/tms/node_modules/next/dist/cli/next-test.js
  - /Users/nit/tms/node_modules/next/dist/bin/next
      at Context.loadChunkAsync [as l] (.next/server/chunks/ssr/[turbopack]_runtime.js:678:34) {
    code: 'MODULE_NOT_FOUND',
    requireStack: [
      '/Users/nit/tms/.next/server/chunks/ssr/[turbopack]_runtime.js',
      '/Users/nit/tms/.next/server/pages/_document.js',
      '/Users/nit/tms/node_modules/next/dist/server/require.js',
      '/Users/nit/tms/node_modules/next/dist/server/load-components.js',
      '/Users/nit/tms/node_modules/next/dist/build/utils.js',
      '/Users/nit/tms/node_modules/next/dist/build/swc/options.js',
      '/Users/nit/tms/node_modules/next/dist/build/swc/index.js',
      '/Users/nit/tms/node_modules/next/dist/build/next-config-ts/transpile-config.js',
      '/Users/nit/tms/node_modules/next/dist/server/config.js',
      '/Users/nit/tms/node_modules/next/dist/cli/next-test.js',
      '/Users/nit/tms/node_modules/next/dist/bin/next'
    ]
  }
}
You have triggered an unhandledRejection, you may have forgotten to catch a Promise rejection:
ChunkLoadError: Failed to load chunk server/chunks/ssr/[root-of-the-server]__b4725ead._.js from module 725244
    at Context.loadChunkAsync [as l] (/Users/nit/tms/.next/server/chunks/ssr/[turbopack]_runtime.js:683:27)
    at Object.loadChunk (/Users/nit/tms/node_modules/next/dist/compiled/next-server/app-page-turbo.runtime.prod.js:21:17666)
    at globalThis.__next_chunk_load__ (/Users/nit/tms/node_modules/next/dist/compiled/next-server/app-page-turbo.runtime.prod.js:21:18204)
    at d (/Users/nit/tms/node_modules/next/dist/compiled/next-server/app-page-turbo.runtime.prod.js:2:150326)
    at em (/Users/nit/tms/node_modules/next/dist/compiled/next-server/app-page-turbo.runtime.prod.js:2:171956)
    at /Users/nit/tms/node_modules/next/dist/compiled/next-server/app-page-turbo.runtime.prod.js:2:174721
    at eg (/Users/nit/tms/node_modules/next/dist/compiled/next-server/app-page-turbo.runtime.prod.js:2:174748)
    at t (/Users/nit/tms/node_modules/next/dist/compiled/next-server/app-page-turbo.runtime.prod.js:2:175602)
2026-02-18T01:04:34: Error [ChunkLoadError]: Failed to load chunk server/chunks/ssr/[root-of-the-server]__b4725ead._.js from module 725244
    at Context.loadChunkAsync [as l] (.next/server/chunks/ssr/[turbopack]_runtime.js:683:27) {
  digest: '463145494',
  [cause]: Error: Cannot find module '/Users/nit/tms/.next/server/chunks/ssr/[root-of-the-server]__b4725ead._.js'
  Require stack:
  - /Users/nit/tms/.next/server/chunks/ssr/[turbopack]_runtime.js
  - /Users/nit/tms/.next/server/pages/_document.js
  - /Users/nit/tms/node_modules/next/dist/server/require.js
  - /Users/nit/tms/node_modules/next/dist/server/load-components.js
  - /Users/nit/tms/node_modules/next/dist/build/utils.js
  - /Users/nit/tms/node_modules/next/dist/build/swc/options.js
  - /Users/nit/tms/node_modules/next/dist/build/swc/index.js
  - /Users/nit/tms/node_modules/next/dist/build/next-config-ts/transpile-config.js
  - /Users/nit/tms/node_modules/next/dist/server/config.js
  - /Users/nit/tms/node_modules/next/dist/cli/next-test.js
  - /Users/nit/tms/node_modules/next/dist/bin/next
      at Context.loadChunkAsync [as l] (.next/server/chunks/ssr/[turbopack]_runtime.js:678:34) {
    code: 'MODULE_NOT_FOUND',
    requireStack: [
      '/Users/nit/tms/.next/server/chunks/ssr/[turbopack]_runtime.js',
      '/Users/nit/tms/.next/server/pages/_document.js',
      '/Users/nit/tms/node_modules/next/dist/server/require.js',
      '/Users/nit/tms/node_modules/next/dist/server/load-components.js',
      '/Users/nit/tms/node_modules/next/dist/build/utils.js',
      '/Users/nit/tms/node_modules/next/dist/build/swc/options.js',
      '/Users/nit/tms/node_modules/next/dist/build/swc/index.js',
      '/Users/nit/tms/node_modules/next/dist/build/next-config-ts/transpile-config.js',
      '/Users/nit/tms/node_modules/next/dist/server/config.js',
      '/Users/nit/tms/node_modules/next/dist/cli/next-test.js',
      '/Users/nit/tms/node_modules/next/dist/bin/next'
    ]
  }
}
2026-02-18T01:04:34: ⨯ unhandledRejection:  Error [ChunkLoadError]: Failed to load chunk server/chunks/ssr/[root-of-the-server]__b4725ead._.js from module 725244
    at Context.loadChunkAsync [as l] (.next/server/chunks/ssr/[turbopack]_runtime.js:683:27) {
  digest: '463145494',
  [cause]: Error: Cannot find module '/Users/nit/tms/.next/server/chunks/ssr/[root-of-the-server]__b4725ead._.js'
  Require stack:
  - /Users/nit/tms/.next/server/chunks/ssr/[turbopack]_runtime.js
  - /Users/nit/tms/.next/server/pages/_document.js
  - /Users/nit/tms/node_modules/next/dist/server/require.js
  - /Users/nit/tms/node_modules/next/dist/server/load-components.js
  - /Users/nit/tms/node_modules/next/dist/build/utils.js
  - /Users/nit/tms/node_modules/next/dist/build/swc/options.js
  - /Users/nit/tms/node_modules/next/dist/build/swc/index.js
  - /Users/nit/tms/node_modules/next/dist/build/next-config-ts/transpile-config.js
  - /Users/nit/tms/node_modules/next/dist/server/config.js
  - /Users/nit/tms/node_modules/next/dist/cli/next-test.js
  - /Users/nit/tms/node_modules/next/dist/bin/next
      at Context.loadChunkAsync [as l] (.next/server/chunks/ssr/[turbopack]_runtime.js:678:34) {
    code: 'MODULE_NOT_FOUND',
    requireStack: [
      '/Users/nit/tms/.next/server/chunks/ssr/[turbopack]_runtime.js',
      '/Users/nit/tms/.next/server/pages/_document.js',
      '/Users/nit/tms/node_modules/next/dist/server/require.js',
      '/Users/nit/tms/node_modules/next/dist/server/load-components.js',
      '/Users/nit/tms/node_modules/next/dist/build/utils.js',
      '/Users/nit/tms/node_modules/next/dist/build/swc/options.js',
      '/Users/nit/tms/node_modules/next/dist/build/swc/index.js',
      '/Users/nit/tms/node_modules/next/dist/build/next-config-ts/transpile-config.js',
      '/Users/nit/tms/node_modules/next/dist/server/config.js',
      '/Users/nit/tms/node_modules/next/dist/cli/next-test.js',
      '/Users/nit/tms/node_modules/next/dist/bin/next'
    ]
  }
}
You have triggered an unhandledRejection, you may have forgotten to catch a Promise rejection:
ChunkLoadError: Failed to load chunk server/chunks/ssr/[root-of-the-server]__b4725ead._.js from module 725244
    at Context.loadChunkAsync [as l] (/Users/nit/tms/.next/server/chunks/ssr/[turbopack]_runtime.js:683:27)
    at Object.loadChunk (/Users/nit/tms/node_modules/next/dist/compiled/next-server/app-page-turbo.runtime.prod.js:21:17666)
    at globalThis.__next_chunk_load__ (/Users/nit/tms/node_modules/next/dist/compiled/next-server/app-page-turbo.runtime.prod.js:21:18204)
    at d (/Users/nit/tms/node_modules/next/dist/compiled/next-server/app-page-turbo.runtime.prod.js:2:150326)
    at em (/Users/nit/tms/node_modules/next/dist/compiled/next-server/app-page-turbo.runtime.prod.js:2:171956)
    at /Users/nit/tms/node_modules/next/dist/compiled/next-server/app-page-turbo.runtime.prod.js:2:174721
    at eg (/Users/nit/tms/node_modules/next/dist/compiled/next-server/app-page-turbo.runtime.prod.js:2:174748)
    at t (/Users/nit/tms/node_modules/next/dist/compiled/next-server/app-page-turbo.runtime.prod.js:2:175602)
2026-02-18T01:04:34: Error [ChunkLoadError]: Failed to load chunk server/chunks/ssr/[root-of-the-server]__b4725ead._.js from module 725244
    at Context.loadChunkAsync [as l] (.next/server/chunks/ssr/[turbopack]_runtime.js:683:27) {
  digest: '463145494',
  [cause]: Error: Cannot find module '/Users/nit/tms/.next/server/chunks/ssr/[root-of-the-server]__b4725ead._.js'
  Require stack:
  - /Users/nit/tms/.next/server/chunks/ssr/[turbopack]_runtime.js
  - /Users/nit/tms/.next/server/pages/_document.js
  - /Users/nit/tms/node_modules/next/dist/server/require.js
  - /Users/nit/tms/node_modules/next/dist/server/load-components.js
  - /Users/nit/tms/node_modules/next/dist/build/utils.js
  - /Users/nit/tms/node_modules/next/dist/build/swc/options.js
  - /Users/nit/tms/node_modules/next/dist/build/swc/index.js
  - /Users/nit/tms/node_modules/next/dist/build/next-config-ts/transpile-config.js
  - /Users/nit/tms/node_modules/next/dist/server/config.js
  - /Users/nit/tms/node_modules/next/dist/cli/next-test.js
  - /Users/nit/tms/node_modules/next/dist/bin/next
      at Context.loadChunkAsync [as l] (.next/server/chunks/ssr/[turbopack]_runtime.js:678:34) {
    code: 'MODULE_NOT_FOUND',
    requireStack: [
      '/Users/nit/tms/.next/server/chunks/ssr/[turbopack]_runtime.js',
      '/Users/nit/tms/.next/server/pages/_document.js',
      '/Users/nit/tms/node_modules/next/dist/server/require.js',
      '/Users/nit/tms/node_modules/next/dist/server/load-components.js',
      '/Users/nit/tms/node_modules/next/dist/build/utils.js',
      '/Users/nit/tms/node_modules/next/dist/build/swc/options.js',
      '/Users/nit/tms/node_modules/next/dist/build/swc/index.js',
      '/Users/nit/tms/node_modules/next/dist/build/next-config-ts/transpile-config.js',
      '/Users/nit/tms/node_modules/next/dist/server/config.js',
      '/Users/nit/tms/node_modules/next/dist/cli/next-test.js',
      '/Users/nit/tms/node_modules/next/dist/bin/next'
    ]
  }
}
2026-02-18T01:04:34: ⨯ unhandledRejection:  Error [ChunkLoadError]: Failed to load chunk server/chunks/ssr/[root-of-the-server]__b4725ead._.js from module 725244
    at Context.loadChunkAsync [as l] (.next/server/chunks/ssr/[turbopack]_runtime.js:683:27) {
  digest: '463145494',
  [cause]: Error: Cannot find module '/Users/nit/tms/.next/server/chunks/ssr/[root-of-the-server]__b4725ead._.js'
  Require stack:
  - /Users/nit/tms/.next/server/chunks/ssr/[turbopack]_runtime.js
  - /Users/nit/tms/.next/server/pages/_document.js
  - /Users/nit/tms/node_modules/next/dist/server/require.js
  - /Users/nit/tms/node_modules/next/dist/server/load-components.js
  - /Users/nit/tms/node_modules/next/dist/build/utils.js
  - /Users/nit/tms/node_modules/next/dist/build/swc/options.js
  - /Users/nit/tms/node_modules/next/dist/build/swc/index.js
  - /Users/nit/tms/node_modules/next/dist/build/next-config-ts/transpile-config.js
  - /Users/nit/tms/node_modules/next/dist/server/config.js
  - /Users/nit/tms/node_modules/next/dist/cli/next-test.js
  - /Users/nit/tms/node_modules/next/dist/bin/next
      at Context.loadChunkAsync [as l] (.next/server/chunks/ssr/[turbopack]_runtime.js:678:34) {
    code: 'MODULE_NOT_FOUND',
    requireStack: [
      '/Users/nit/tms/.next/server/chunks/ssr/[turbopack]_runtime.js',
      '/Users/nit/tms/.next/server/pages/_document.js',
      '/Users/nit/tms/node_modules/next/dist/server/require.js',
      '/Users/nit/tms/node_modules/next/dist/server/load-components.js',
      '/Users/nit/tms/node_modules/next/dist/build/utils.js',
      '/Users/nit/tms/node_modules/next/dist/build/swc/options.js',
      '/Users/nit/tms/node_modules/next/dist/build/swc/index.js',
      '/Users/nit/tms/node_modules/next/dist/build/next-config-ts/transpile-config.js',
      '/Users/nit/tms/node_modules/next/dist/server/config.js',
      '/Users/nit/tms/node_modules/next/dist/cli/next-test.js',
      '/Users/nit/tms/node_modules/next/dist/bin/next'
    ]
  }
}
You have triggered an unhandledRejection, you may have forgotten to catch a Promise rejection:
ChunkLoadError: Failed to load chunk server/chunks/ssr/[root-of-the-server]__b4725ead._.js from module 725244
    at Context.loadChunkAsync [as l] (/Users/nit/tms/.next/server/chunks/ssr/[turbopack]_runtime.js:683:27)
    at Object.loadChunk (/Users/nit/tms/node_modules/next/dist/compiled/next-server/app-page-turbo.runtime.prod.js:21:17666)
    at globalThis.__next_chunk_load__ (/Users/nit/tms/node_modules/next/dist/compiled/next-server/app-page-turbo.runtime.prod.js:21:18204)
    at d (/Users/nit/tms/node_modules/next/dist/compiled/next-server/app-page-turbo.runtime.prod.js:2:150326)
    at em (/Users/nit/tms/node_modules/next/dist/compiled/next-server/app-page-turbo.runtime.prod.js:2:171956)
    at /Users/nit/tms/node_modules/next/dist/compiled/next-server/app-page-turbo.runtime.prod.js:2:174721
    at eg (/Users/nit/tms/node_modules/next/dist/compiled/next-server/app-page-turbo.runtime.prod.js:2:174748)
    at t (/Users/nit/tms/node_modules/next/dist/compiled/next-server/app-page-turbo.runtime.prod.js:2:175602)
2026-02-18T01:04:34: Error [ChunkLoadError]: Failed to load chunk server/chunks/ssr/[root-of-the-server]__b4725ead._.js from module 725244
    at Context.loadChunkAsync [as l] (.next/server/chunks/ssr/[turbopack]_runtime.js:683:27) {
  digest: '463145494',
  [cause]: Error: Cannot find module '/Users/nit/tms/.next/server/chunks/ssr/[root-of-the-server]__b4725ead._.js'
  Require stack:
  - /Users/nit/tms/.next/server/chunks/ssr/[turbopack]_runtime.js
  - /Users/nit/tms/.next/server/pages/_document.js
  - /Users/nit/tms/node_modules/next/dist/server/require.js
  - /Users/nit/tms/node_modules/next/dist/server/load-components.js
  - /Users/nit/tms/node_modules/next/dist/build/utils.js
  - /Users/nit/tms/node_modules/next/dist/build/swc/options.js
  - /Users/nit/tms/node_modules/next/dist/build/swc/index.js
  - /Users/nit/tms/node_modules/next/dist/build/next-config-ts/transpile-config.js
  - /Users/nit/tms/node_modules/next/dist/server/config.js
  - /Users/nit/tms/node_modules/next/dist/cli/next-test.js
  - /Users/nit/tms/node_modules/next/dist/bin/next
      at Context.loadChunkAsync [as l] (.next/server/chunks/ssr/[turbopack]_runtime.js:678:34) {
    code: 'MODULE_NOT_FOUND',
    requireStack: [
      '/Users/nit/tms/.next/server/chunks/ssr/[turbopack]_runtime.js',
      '/Users/nit/tms/.next/server/pages/_document.js',
      '/Users/nit/tms/node_modules/next/dist/server/require.js',
      '/Users/nit/tms/node_modules/next/dist/server/load-components.js',
      '/Users/nit/tms/node_modules/next/dist/build/utils.js',
      '/Users/nit/tms/node_modules/next/dist/build/swc/options.js',
      '/Users/nit/tms/node_modules/next/dist/build/swc/index.js',
      '/Users/nit/tms/node_modules/next/dist/build/next-config-ts/transpile-config.js',
      '/Users/nit/tms/node_modules/next/dist/server/config.js',
      '/Users/nit/tms/node_modules/next/dist/cli/next-test.js',
      '/Users/nit/tms/node_modules/next/dist/bin/next'
    ]
  }
}
2026-02-18T01:04:34: ⨯ unhandledRejection:  Error [ChunkLoadError]: Failed to load chunk server/chunks/ssr/[root-of-the-server]__b4725ead._.js from module 725244
    at Context.loadChunkAsync [as l] (.next/server/chunks/ssr/[turbopack]_runtime.js:683:27) {
  digest: '463145494',
  [cause]: Error: Cannot find module '/Users/nit/tms/.next/server/chunks/ssr/[root-of-the-server]__b4725ead._.js'
  Require stack:
  - /Users/nit/tms/.next/server/chunks/ssr/[turbopack]_runtime.js
  - /Users/nit/tms/.next/server/pages/_document.js
  - /Users/nit/tms/node_modules/next/dist/server/require.js
  - /Users/nit/tms/node_modules/next/dist/server/load-components.js
  - /Users/nit/tms/node_modules/next/dist/build/utils.js
  - /Users/nit/tms/node_modules/next/dist/build/swc/options.js
  - /Users/nit/tms/node_modules/next/dist/build/swc/index.js
  - /Users/nit/tms/node_modules/next/dist/build/next-config-ts/transpile-config.js
  - /Users/nit/tms/node_modules/next/dist/server/config.js
  - /Users/nit/tms/node_modules/next/dist/cli/next-test.js
  - /Users/nit/tms/node_modules/next/dist/bin/next
      at Context.loadChunkAsync [as l] (.next/server/chunks/ssr/[turbopack]_runtime.js:678:34) {
    code: 'MODULE_NOT_FOUND',
    requireStack: [
      '/Users/nit/tms/.next/server/chunks/ssr/[turbopack]_runtime.js',
      '/Users/nit/tms/.next/server/pages/_document.js',
      '/Users/nit/tms/node_modules/next/dist/server/require.js',
      '/Users/nit/tms/node_modules/next/dist/server/load-components.js',
      '/Users/nit/tms/node_modules/next/dist/build/utils.js',
      '/Users/nit/tms/node_modules/next/dist/build/swc/options.js',
      '/Users/nit/tms/node_modules/next/dist/build/swc/index.js',
      '/Users/nit/tms/node_modules/next/dist/build/next-config-ts/transpile-config.js',
      '/Users/nit/tms/node_modules/next/dist/server/config.js',
      '/Users/nit/tms/node_modules/next/dist/cli/next-test.js',
      '/Users/nit/tms/node_modules/next/dist/bin/next'
    ]
  }
}
You have triggered an unhandledRejection, you may have forgotten to catch a Promise rejection:
ChunkLoadError: Failed to load chunk server/chunks/ssr/[root-of-the-server]__b4725ead._.js from module 725244
    at Context.loadChunkAsync [as l] (/Users/nit/tms/.next/server/chunks/ssr/[turbopack]_runtime.js:683:27)
    at Object.loadChunk (/Users/nit/tms/node_modules/next/dist/compiled/next-server/app-page-turbo.runtime.prod.js:21:17666)
    at globalThis.__next_chunk_load__ (/Users/nit/tms/node_modules/next/dist/compiled/next-server/app-page-turbo.runtime.prod.js:21:18204)
    at d (/Users/nit/tms/node_modules/next/dist/compiled/next-server/app-page-turbo.runtime.prod.js:2:150326)
    at em (/Users/nit/tms/node_modules/next/dist/compiled/next-server/app-page-turbo.runtime.prod.js:2:171956)
    at /Users/nit/tms/node_modules/next/dist/compiled/next-server/app-page-turbo.runtime.prod.js:2:174721
    at eg (/Users/nit/tms/node_modules/next/dist/compiled/next-server/app-page-turbo.runtime.prod.js:2:174748)
    at t (/Users/nit/tms/node_modules/next/dist/compiled/next-server/app-page-turbo.runtime.prod.js:2:175602)
2026-02-18T01:04:34: Error [ChunkLoadError]: Failed to load chunk server/chunks/ssr/[root-of-the-server]__b4725ead._.js from module 725244
    at Context.loadChunkAsync [as l] (.next/server/chunks/ssr/[turbopack]_runtime.js:683:27) {
  digest: '463145494',
  [cause]: Error: Cannot find module '/Users/nit/tms/.next/server/chunks/ssr/[root-of-the-server]__b4725ead._.js'
  Require stack:
  - /Users/nit/tms/.next/server/chunks/ssr/[turbopack]_runtime.js
  - /Users/nit/tms/.next/server/pages/_document.js
  - /Users/nit/tms/node_modules/next/dist/server/require.js
  - /Users/nit/tms/node_modules/next/dist/server/load-components.js
  - /Users/nit/tms/node_modules/next/dist/build/utils.js
  - /Users/nit/tms/node_modules/next/dist/build/swc/options.js
  - /Users/nit/tms/node_modules/next/dist/build/swc/index.js
  - /Users/nit/tms/node_modules/next/dist/build/next-config-ts/transpile-config.js
  - /Users/nit/tms/node_modules/next/dist/server/config.js
  - /Users/nit/tms/node_modules/next/dist/cli/next-test.js
  - /Users/nit/tms/node_modules/next/dist/bin/next
      at Context.loadChunkAsync [as l] (.next/server/chunks/ssr/[turbopack]_runtime.js:678:34) {
    code: 'MODULE_NOT_FOUND',
    requireStack: [
      '/Users/nit/tms/.next/server/chunks/ssr/[turbopack]_runtime.js',
      '/Users/nit/tms/.next/server/pages/_document.js',
      '/Users/nit/tms/node_modules/next/dist/server/require.js',
      '/Users/nit/tms/node_modules/next/dist/server/load-components.js',
      '/Users/nit/tms/node_modules/next/dist/build/utils.js',
      '/Users/nit/tms/node_modules/next/dist/build/swc/options.js',
      '/Users/nit/tms/node_modules/next/dist/build/swc/index.js',
      '/Users/nit/tms/node_modules/next/dist/build/next-config-ts/transpile-config.js',
      '/Users/nit/tms/node_modules/next/dist/server/config.js',
      '/Users/nit/tms/node_modules/next/dist/cli/next-test.js',
      '/Users/nit/tms/node_modules/next/dist/bin/next'
    ]
  }
}
2026-02-18T01:04:34: ⨯ unhandledRejection:  Error [ChunkLoadError]: Failed to load chunk server/chunks/ssr/[root-of-the-server]__b4725ead._.js from module 725244
    at Context.loadChunkAsync [as l] (.next/server/chunks/ssr/[turbopack]_runtime.js:683:27) {
  digest: '463145494',
  [cause]: Error: Cannot find module '/Users/nit/tms/.next/server/chunks/ssr/[root-of-the-server]__b4725ead._.js'
  Require stack:
  - /Users/nit/tms/.next/server/chunks/ssr/[turbopack]_runtime.js
  - /Users/nit/tms/.next/server/pages/_document.js
  - /Users/nit/tms/node_modules/next/dist/server/require.js
  - /Users/nit/tms/node_modules/next/dist/server/load-components.js
  - /Users/nit/tms/node_modules/next/dist/build/utils.js
  - /Users/nit/tms/node_modules/next/dist/build/swc/options.js
  - /Users/nit/tms/node_modules/next/dist/build/swc/index.js
  - /Users/nit/tms/node_modules/next/dist/build/next-config-ts/transpile-config.js
  - /Users/nit/tms/node_modules/next/dist/server/config.js
  - /Users/nit/tms/node_modules/next/dist/cli/next-test.js
  - /Users/nit/tms/node_modules/next/dist/bin/next
      at Context.loadChunkAsync [as l] (.next/server/chunks/ssr/[turbopack]_runtime.js:678:34) {
    code: 'MODULE_NOT_FOUND',
    requireStack: [
      '/Users/nit/tms/.next/server/chunks/ssr/[turbopack]_runtime.js',
      '/Users/nit/tms/.next/server/pages/_document.js',
      '/Users/nit/tms/node_modules/next/dist/server/require.js',
      '/Users/nit/tms/node_modules/next/dist/server/load-components.js',
      '/Users/nit/tms/node_modules/next/dist/build/utils.js',
      '/Users/nit/tms/node_modules/next/dist/build/swc/options.js',
      '/Users/nit/tms/node_modules/next/dist/build/swc/index.js',
      '/Users/nit/tms/node_modules/next/dist/build/next-config-ts/transpile-config.js',
      '/Users/nit/tms/node_modules/next/dist/server/config.js',
      '/Users/nit/tms/node_modules/next/dist/cli/next-test.js',
      '/Users/nit/tms/node_modules/next/dist/bin/next'
    ]
  }
}
You have triggered an unhandledRejection, you may have forgotten to catch a Promise rejection:
ChunkLoadError: Failed to load chunk server/chunks/ssr/[root-of-the-server]__b4725ead._.js from module 725244
    at Context.loadChunkAsync [as l] (/Users/nit/tms/.next/server/chunks/ssr/[turbopack]_runtime.js:683:27)
    at Object.loadChunk (/Users/nit/tms/node_modules/next/dist/compiled/next-server/app-page-turbo.runtime.prod.js:21:17666)
    at globalThis.__next_chunk_load__ (/Users/nit/tms/node_modules/next/dist/compiled/next-server/app-page-turbo.runtime.prod.js:21:18204)
    at d (/Users/nit/tms/node_modules/next/dist/compiled/next-server/app-page-turbo.runtime.prod.js:2:150326)
    at em (/Users/nit/tms/node_modules/next/dist/compiled/next-server/app-page-turbo.runtime.prod.js:2:171956)
    at /Users/nit/tms/node_modules/next/dist/compiled/next-server/app-page-turbo.runtime.prod.js:2:174721
    at eg (/Users/nit/tms/node_modules/next/dist/compiled/next-server/app-page-turbo.runtime.prod.js:2:174748)
    at t (/Users/nit/tms/node_modules/next/dist/compiled/next-server/app-page-turbo.runtime.prod.js:2:175602)
2026-02-18T01:04:34: Error [ChunkLoadError]: Failed to load chunk server/chunks/ssr/[root-of-the-server]__b4725ead._.js from module 725244
    at Context.loadChunkAsync [as l] (.next/server/chunks/ssr/[turbopack]_runtime.js:683:27) {
  digest: '463145494',
  [cause]: Error: Cannot find module '/Users/nit/tms/.next/server/chunks/ssr/[root-of-the-server]__b4725ead._.js'
  Require stack:
  - /Users/nit/tms/.next/server/chunks/ssr/[turbopack]_runtime.js
  - /Users/nit/tms/.next/server/pages/_document.js
  - /Users/nit/tms/node_modules/next/dist/server/require.js
  - /Users/nit/tms/node_modules/next/dist/server/load-components.js
  - /Users/nit/tms/node_modules/next/dist/build/utils.js
  - /Users/nit/tms/node_modules/next/dist/build/swc/options.js
  - /Users/nit/tms/node_modules/next/dist/build/swc/index.js
  - /Users/nit/tms/node_modules/next/dist/build/next-config-ts/transpile-config.js
  - /Users/nit/tms/node_modules/next/dist/server/config.js
  - /Users/nit/tms/node_modules/next/dist/cli/next-test.js
  - /Users/nit/tms/node_modules/next/dist/bin/next
      at Context.loadChunkAsync [as l] (.next/server/chunks/ssr/[turbopack]_runtime.js:678:34) {
    code: 'MODULE_NOT_FOUND',
    requireStack: [
      '/Users/nit/tms/.next/server/chunks/ssr/[turbopack]_runtime.js',
      '/Users/nit/tms/.next/server/pages/_document.js',
      '/Users/nit/tms/node_modules/next/dist/server/require.js',
      '/Users/nit/tms/node_modules/next/dist/server/load-components.js',
      '/Users/nit/tms/node_modules/next/dist/build/utils.js',
      '/Users/nit/tms/node_modules/next/dist/build/swc/options.js',
      '/Users/nit/tms/node_modules/next/dist/build/swc/index.js',
      '/Users/nit/tms/node_modules/next/dist/build/next-config-ts/transpile-config.js',
      '/Users/nit/tms/node_modules/next/dist/server/config.js',
      '/Users/nit/tms/node_modules/next/dist/cli/next-test.js',
      '/Users/nit/tms/node_modules/next/dist/bin/next'
    ]
  }
}
2026-02-18T01:04:34: ⨯ unhandledRejection:  Error [ChunkLoadError]: Failed to load chunk server/chunks/ssr/[root-of-the-server]__b4725ead._.js from module 725244
    at Context.loadChunkAsync [as l] (.next/server/chunks/ssr/[turbopack]_runtime.js:683:27) {
  digest: '463145494',
  [cause]: Error: Cannot find module '/Users/nit/tms/.next/server/chunks/ssr/[root-of-the-server]__b4725ead._.js'
  Require stack:
  - /Users/nit/tms/.next/server/chunks/ssr/[turbopack]_runtime.js
  - /Users/nit/tms/.next/server/pages/_document.js
  - /Users/nit/tms/node_modules/next/dist/server/require.js
  - /Users/nit/tms/node_modules/next/dist/server/load-components.js
  - /Users/nit/tms/node_modules/next/dist/build/utils.js
  - /Users/nit/tms/node_modules/next/dist/build/swc/options.js
  - /Users/nit/tms/node_modules/next/dist/build/swc/index.js
  - /Users/nit/tms/node_modules/next/dist/build/next-config-ts/transpile-config.js
  - /Users/nit/tms/node_modules/next/dist/server/config.js
  - /Users/nit/tms/node_modules/next/dist/cli/next-test.js
  - /Users/nit/tms/node_modules/next/dist/bin/next
      at Context.loadChunkAsync [as l] (.next/server/chunks/ssr/[turbopack]_runtime.js:678:34) {
    code: 'MODULE_NOT_FOUND',
    requireStack: [
      '/Users/nit/tms/.next/server/chunks/ssr/[turbopack]_runtime.js',
      '/Users/nit/tms/.next/server/pages/_document.js',
      '/Users/nit/tms/node_modules/next/dist/server/require.js',
      '/Users/nit/tms/node_modules/next/dist/server/load-components.js',
      '/Users/nit/tms/node_modules/next/dist/build/utils.js',
      '/Users/nit/tms/node_modules/next/dist/build/swc/options.js',
      '/Users/nit/tms/node_modules/next/dist/build/swc/index.js',
      '/Users/nit/tms/node_modules/next/dist/build/next-config-ts/transpile-config.js',
      '/Users/nit/tms/node_modules/next/dist/server/config.js',
      '/Users/nit/tms/node_modules/next/dist/cli/next-test.js',
      '/Users/nit/tms/node_modules/next/dist/bin/next'
    ]
  }
}
2026-02-18T01:04:34: ⨯ Error [ChunkLoadError]: Failed to load chunk server/chunks/ssr/[root-of-the-server]__b4725ead._.js from module 725244
    at Context.loadChunkAsync [as l] (.next/server/chunks/ssr/[turbopack]_runtime.js:683:27) {
  digest: '463145494',
  [cause]: Error: Cannot find module '/Users/nit/tms/.next/server/chunks/ssr/[root-of-the-server]__b4725ead._.js'
  Require stack:
  - /Users/nit/tms/.next/server/chunks/ssr/[turbopack]_runtime.js
  - /Users/nit/tms/.next/server/pages/_document.js
  - /Users/nit/tms/node_modules/next/dist/server/require.js
  - /Users/nit/tms/node_modules/next/dist/server/load-components.js
  - /Users/nit/tms/node_modules/next/dist/build/utils.js
  - /Users/nit/tms/node_modules/next/dist/build/swc/options.js
  - /Users/nit/tms/node_modules/next/dist/build/swc/index.js
  - /Users/nit/tms/node_modules/next/dist/build/next-config-ts/transpile-config.js
  - /Users/nit/tms/node_modules/next/dist/server/config.js
  - /Users/nit/tms/node_modules/next/dist/cli/next-test.js
  - /Users/nit/tms/node_modules/next/dist/bin/next
      at Context.loadChunkAsync [as l] (.next/server/chunks/ssr/[turbopack]_runtime.js:678:34) {
    code: 'MODULE_NOT_FOUND',
    requireStack: [
      '/Users/nit/tms/.next/server/chunks/ssr/[turbopack]_runtime.js',
      '/Users/nit/tms/.next/server/pages/_document.js',
      '/Users/nit/tms/node_modules/next/dist/server/require.js',
      '/Users/nit/tms/node_modules/next/dist/server/load-components.js',
      '/Users/nit/tms/node_modules/next/dist/build/utils.js',
      '/Users/nit/tms/node_modules/next/dist/build/swc/options.js',
      '/Users/nit/tms/node_modules/next/dist/build/swc/index.js',
      '/Users/nit/tms/node_modules/next/dist/build/next-config-ts/transpile-config.js',
      '/Users/nit/tms/node_modules/next/dist/server/config.js',
      '/Users/nit/tms/node_modules/next/dist/cli/next-test.js',
      '/Users/nit/tms/node_modules/next/dist/bin/next'
    ]
  }
}
You have triggered an unhandledRejection, you may have forgotten to catch a Promise rejection:
ChunkLoadError: Failed to load chunk server/chunks/ssr/[root-of-the-server]__b4725ead._.js from module 725244
    at Context.loadChunkAsync [as l] (/Users/nit/tms/.next/server/chunks/ssr/[turbopack]_runtime.js:683:27)
    at Object.loadChunk (/Users/nit/tms/node_modules/next/dist/compiled/next-server/app-page-turbo.runtime.prod.js:21:17666)
    at globalThis.__next_chunk_load__ (/Users/nit/tms/node_modules/next/dist/compiled/next-server/app-page-turbo.runtime.prod.js:21:18204)
    at d (/Users/nit/tms/node_modules/next/dist/compiled/next-server/app-page-turbo.runtime.prod.js:2:150326)
    at em (/Users/nit/tms/node_modules/next/dist/compiled/next-server/app-page-turbo.runtime.prod.js:2:171956)
    at /Users/nit/tms/node_modules/next/dist/compiled/next-server/app-page-turbo.runtime.prod.js:2:174721
    at eg (/Users/nit/tms/node_modules/next/dist/compiled/next-server/app-page-turbo.runtime.prod.js:2:174748)
    at t (/Users/nit/tms/node_modules/next/dist/compiled/next-server/app-page-turbo.runtime.prod.js:2:175602)
2026-02-18T01:04:43: Error [ChunkLoadError]: Failed to load chunk server/chunks/ssr/[root-of-the-server]__b4725ead._.js from module 725244
    at Context.loadChunkAsync [as l] (.next/server/chunks/ssr/[turbopack]_runtime.js:683:27) {
  digest: '463145494',
  [cause]: Error: Cannot find module '/Users/nit/tms/.next/server/chunks/ssr/[root-of-the-server]__b4725ead._.js'
  Require stack:
  - /Users/nit/tms/.next/server/chunks/ssr/[turbopack]_runtime.js
  - /Users/nit/tms/.next/server/pages/_document.js
  - /Users/nit/tms/node_modules/next/dist/server/require.js
  - /Users/nit/tms/node_modules/next/dist/server/load-components.js
  - /Users/nit/tms/node_modules/next/dist/build/utils.js
  - /Users/nit/tms/node_modules/next/dist/build/swc/options.js
  - /Users/nit/tms/node_modules/next/dist/build/swc/index.js
  - /Users/nit/tms/node_modules/next/dist/build/next-config-ts/transpile-config.js
  - /Users/nit/tms/node_modules/next/dist/server/config.js
  - /Users/nit/tms/node_modules/next/dist/cli/next-test.js
  - /Users/nit/tms/node_modules/next/dist/bin/next
      at Context.loadChunkAsync [as l] (.next/server/chunks/ssr/[turbopack]_runtime.js:678:34) {
    code: 'MODULE_NOT_FOUND',
    requireStack: [
      '/Users/nit/tms/.next/server/chunks/ssr/[turbopack]_runtime.js',
      '/Users/nit/tms/.next/server/pages/_document.js',
      '/Users/nit/tms/node_modules/next/dist/server/require.js',
      '/Users/nit/tms/node_modules/next/dist/server/load-components.js',
      '/Users/nit/tms/node_modules/next/dist/build/utils.js',
      '/Users/nit/tms/node_modules/next/dist/build/swc/options.js',
      '/Users/nit/tms/node_modules/next/dist/build/swc/index.js',
      '/Users/nit/tms/node_modules/next/dist/build/next-config-ts/transpile-config.js',
      '/Users/nit/tms/node_modules/next/dist/server/config.js',
      '/Users/nit/tms/node_modules/next/dist/cli/next-test.js',
      '/Users/nit/tms/node_modules/next/dist/bin/next'
    ]
  }
}
2026-02-18T01:04:43: ⨯ unhandledRejection:  Error [ChunkLoadError]: Failed to load chunk server/chunks/ssr/[root-of-the-server]__b4725ead._.js from module 725244
    at Context.loadChunkAsync [as l] (.next/server/chunks/ssr/[turbopack]_runtime.js:683:27) {
  digest: '463145494',
  [cause]: Error: Cannot find module '/Users/nit/tms/.next/server/chunks/ssr/[root-of-the-server]__b4725ead._.js'
  Require stack:
  - /Users/nit/tms/.next/server/chunks/ssr/[turbopack]_runtime.js
  - /Users/nit/tms/.next/server/pages/_document.js
  - /Users/nit/tms/node_modules/next/dist/server/require.js
  - /Users/nit/tms/node_modules/next/dist/server/load-components.js
  - /Users/nit/tms/node_modules/next/dist/build/utils.js
  - /Users/nit/tms/node_modules/next/dist/build/swc/options.js
  - /Users/nit/tms/node_modules/next/dist/build/swc/index.js
  - /Users/nit/tms/node_modules/next/dist/build/next-config-ts/transpile-config.js
  - /Users/nit/tms/node_modules/next/dist/server/config.js
  - /Users/nit/tms/node_modules/next/dist/cli/next-test.js
  - /Users/nit/tms/node_modules/next/dist/bin/next
      at Context.loadChunkAsync [as l] (.next/server/chunks/ssr/[turbopack]_runtime.js:678:34) {
    code: 'MODULE_NOT_FOUND',
    requireStack: [
      '/Users/nit/tms/.next/server/chunks/ssr/[turbopack]_runtime.js',
      '/Users/nit/tms/.next/server/pages/_document.js',
      '/Users/nit/tms/node_modules/next/dist/server/require.js',
      '/Users/nit/tms/node_modules/next/dist/server/load-components.js',
      '/Users/nit/tms/node_modules/next/dist/build/utils.js',
      '/Users/nit/tms/node_modules/next/dist/build/swc/options.js',
      '/Users/nit/tms/node_modules/next/dist/build/swc/index.js',
      '/Users/nit/tms/node_modules/next/dist/build/next-config-ts/transpile-config.js',
      '/Users/nit/tms/node_modules/next/dist/server/config.js',
      '/Users/nit/tms/node_modules/next/dist/cli/next-test.js',
      '/Users/nit/tms/node_modules/next/dist/bin/next'
    ]
  }
}
You have triggered an unhandledRejection, you may have forgotten to catch a Promise rejection:
ChunkLoadError: Failed to load chunk server/chunks/ssr/[root-of-the-server]__b4725ead._.js from module 725244
    at Context.loadChunkAsync [as l] (/Users/nit/tms/.next/server/chunks/ssr/[turbopack]_runtime.js:683:27)
    at Object.loadChunk (/Users/nit/tms/node_modules/next/dist/compiled/next-server/app-page-turbo.runtime.prod.js:21:17666)
    at globalThis.__next_chunk_load__ (/Users/nit/tms/node_modules/next/dist/compiled/next-server/app-page-turbo.runtime.prod.js:21:18204)
    at d (/Users/nit/tms/node_modules/next/dist/compiled/next-server/app-page-turbo.runtime.prod.js:2:150326)
    at em (/Users/nit/tms/node_modules/next/dist/compiled/next-server/app-page-turbo.runtime.prod.js:2:171956)
    at /Users/nit/tms/node_modules/next/dist/compiled/next-server/app-page-turbo.runtime.prod.js:2:174721
    at eg (/Users/nit/tms/node_modules/next/dist/compiled/next-server/app-page-turbo.runtime.prod.js:2:174748)
    at t (/Users/nit/tms/node_modules/next/dist/compiled/next-server/app-page-turbo.runtime.prod.js:2:175602)
2026-02-18T01:04:43: Error [ChunkLoadError]: Failed to load chunk server/chunks/ssr/[root-of-the-server]__b4725ead._.js from module 725244
    at Context.loadChunkAsync [as l] (.next/server/chunks/ssr/[turbopack]_runtime.js:683:27) {
  digest: '463145494',
  [cause]: Error: Cannot find module '/Users/nit/tms/.next/server/chunks/ssr/[root-of-the-server]__b4725ead._.js'
  Require stack:
  - /Users/nit/tms/.next/server/chunks/ssr/[turbopack]_runtime.js
  - /Users/nit/tms/.next/server/pages/_document.js
  - /Users/nit/tms/node_modules/next/dist/server/require.js
  - /Users/nit/tms/node_modules/next/dist/server/load-components.js
  - /Users/nit/tms/node_modules/next/dist/build/utils.js
  - /Users/nit/tms/node_modules/next/dist/build/swc/options.js
  - /Users/nit/tms/node_modules/next/dist/build/swc/index.js
  - /Users/nit/tms/node_modules/next/dist/build/next-config-ts/transpile-config.js
  - /Users/nit/tms/node_modules/next/dist/server/config.js
  - /Users/nit/tms/node_modules/next/dist/cli/next-test.js
  - /Users/nit/tms/node_modules/next/dist/bin/next
      at Context.loadChunkAsync [as l] (.next/server/chunks/ssr/[turbopack]_runtime.js:678:34) {
    code: 'MODULE_NOT_FOUND',
    requireStack: [
      '/Users/nit/tms/.next/server/chunks/ssr/[turbopack]_runtime.js',
      '/Users/nit/tms/.next/server/pages/_document.js',
      '/Users/nit/tms/node_modules/next/dist/server/require.js',
      '/Users/nit/tms/node_modules/next/dist/server/load-components.js',
      '/Users/nit/tms/node_modules/next/dist/build/utils.js',
      '/Users/nit/tms/node_modules/next/dist/build/swc/options.js',
      '/Users/nit/tms/node_modules/next/dist/build/swc/index.js',
      '/Users/nit/tms/node_modules/next/dist/build/next-config-ts/transpile-config.js',
      '/Users/nit/tms/node_modules/next/dist/server/config.js',
      '/Users/nit/tms/node_modules/next/dist/cli/next-test.js',
      '/Users/nit/tms/node_modules/next/dist/bin/next'
    ]
  }
}
2026-02-18T01:04:43: ⨯ unhandledRejection:  Error [ChunkLoadError]: Failed to load chunk server/chunks/ssr/[root-of-the-server]__b4725ead._.js from module 725244
    at Context.loadChunkAsync [as l] (.next/server/chunks/ssr/[turbopack]_runtime.js:683:27) {
  digest: '463145494',
  [cause]: Error: Cannot find module '/Users/nit/tms/.next/server/chunks/ssr/[root-of-the-server]__b4725ead._.js'
  Require stack:
  - /Users/nit/tms/.next/server/chunks/ssr/[turbopack]_runtime.js
  - /Users/nit/tms/.next/server/pages/_document.js
  - /Users/nit/tms/node_modules/next/dist/server/require.js
  - /Users/nit/tms/node_modules/next/dist/server/load-components.js
  - /Users/nit/tms/node_modules/next/dist/build/utils.js
  - /Users/nit/tms/node_modules/next/dist/build/swc/options.js
  - /Users/nit/tms/node_modules/next/dist/build/swc/index.js
  - /Users/nit/tms/node_modules/next/dist/build/next-config-ts/transpile-config.js
  - /Users/nit/tms/node_modules/next/dist/server/config.js
  - /Users/nit/tms/node_modules/next/dist/cli/next-test.js
  - /Users/nit/tms/node_modules/next/dist/bin/next
      at Context.loadChunkAsync [as l] (.next/server/chunks/ssr/[turbopack]_runtime.js:678:34) {
    code: 'MODULE_NOT_FOUND',
    requireStack: [
      '/Users/nit/tms/.next/server/chunks/ssr/[turbopack]_runtime.js',
      '/Users/nit/tms/.next/server/pages/_document.js',
      '/Users/nit/tms/node_modules/next/dist/server/require.js',
      '/Users/nit/tms/node_modules/next/dist/server/load-components.js',
      '/Users/nit/tms/node_modules/next/dist/build/utils.js',
      '/Users/nit/tms/node_modules/next/dist/build/swc/options.js',
      '/Users/nit/tms/node_modules/next/dist/build/swc/index.js',
      '/Users/nit/tms/node_modules/next/dist/build/next-config-ts/transpile-config.js',
      '/Users/nit/tms/node_modules/next/dist/server/config.js',
      '/Users/nit/tms/node_modules/next/dist/cli/next-test.js',
      '/Users/nit/tms/node_modules/next/dist/bin/next'
    ]
  }
}
You have triggered an unhandledRejection, you may have forgotten to catch a Promise rejection:
ChunkLoadError: Failed to load chunk server/chunks/ssr/[root-of-the-server]__b4725ead._.js from module 725244
    at Context.loadChunkAsync [as l] (/Users/nit/tms/.next/server/chunks/ssr/[turbopack]_runtime.js:683:27)
    at Object.loadChunk (/Users/nit/tms/node_modules/next/dist/compiled/next-server/app-page-turbo.runtime.prod.js:21:17666)
    at globalThis.__next_chunk_load__ (/Users/nit/tms/node_modules/next/dist/compiled/next-server/app-page-turbo.runtime.prod.js:21:18204)
    at d (/Users/nit/tms/node_modules/next/dist/compiled/next-server/app-page-turbo.runtime.prod.js:2:150326)
    at em (/Users/nit/tms/node_modules/next/dist/compiled/next-server/app-page-turbo.runtime.prod.js:2:171956)
    at /Users/nit/tms/node_modules/next/dist/compiled/next-server/app-page-turbo.runtime.prod.js:2:174721
    at eg (/Users/nit/tms/node_modules/next/dist/compiled/next-server/app-page-turbo.runtime.prod.js:2:174748)
    at t (/Users/nit/tms/node_modules/next/dist/compiled/next-server/app-page-turbo.runtime.prod.js:2:175602)
2026-02-18T01:04:43: Error [ChunkLoadError]: Failed to load chunk server/chunks/ssr/[root-of-the-server]__b4725ead._.js from module 725244
    at Context.loadChunkAsync [as l] (.next/server/chunks/ssr/[turbopack]_runtime.js:683:27) {
  digest: '463145494',
  [cause]: Error: Cannot find module '/Users/nit/tms/.next/server/chunks/ssr/[root-of-the-server]__b4725ead._.js'
  Require stack:
  - /Users/nit/tms/.next/server/chunks/ssr/[turbopack]_runtime.js
  - /Users/nit/tms/.next/server/pages/_document.js
  - /Users/nit/tms/node_modules/next/dist/server/require.js
  - /Users/nit/tms/node_modules/next/dist/server/load-components.js
  - /Users/nit/tms/node_modules/next/dist/build/utils.js
  - /Users/nit/tms/node_modules/next/dist/build/swc/options.js
  - /Users/nit/tms/node_modules/next/dist/build/swc/index.js
  - /Users/nit/tms/node_modules/next/dist/build/next-config-ts/transpile-config.js
  - /Users/nit/tms/node_modules/next/dist/server/config.js
  - /Users/nit/tms/node_modules/next/dist/cli/next-test.js
  - /Users/nit/tms/node_modules/next/dist/bin/next
      at Context.loadChunkAsync [as l] (.next/server/chunks/ssr/[turbopack]_runtime.js:678:34) {
    code: 'MODULE_NOT_FOUND',
    requireStack: [
      '/Users/nit/tms/.next/server/chunks/ssr/[turbopack]_runtime.js',
      '/Users/nit/tms/.next/server/pages/_document.js',
      '/Users/nit/tms/node_modules/next/dist/server/require.js',
      '/Users/nit/tms/node_modules/next/dist/server/load-components.js',
      '/Users/nit/tms/node_modules/next/dist/build/utils.js',
      '/Users/nit/tms/node_modules/next/dist/build/swc/options.js',
      '/Users/nit/tms/node_modules/next/dist/build/swc/index.js',
      '/Users/nit/tms/node_modules/next/dist/build/next-config-ts/transpile-config.js',
      '/Users/nit/tms/node_modules/next/dist/server/config.js',
      '/Users/nit/tms/node_modules/next/dist/cli/next-test.js',
      '/Users/nit/tms/node_modules/next/dist/bin/next'
    ]
  }
}
2026-02-18T01:04:43: ⨯ unhandledRejection:  Error [ChunkLoadError]: Failed to load chunk server/chunks/ssr/[root-of-the-server]__b4725ead._.js from module 725244
    at Context.loadChunkAsync [as l] (.next/server/chunks/ssr/[turbopack]_runtime.js:683:27) {
  digest: '463145494',
  [cause]: Error: Cannot find module '/Users/nit/tms/.next/server/chunks/ssr/[root-of-the-server]__b4725ead._.js'
  Require stack:
  - /Users/nit/tms/.next/server/chunks/ssr/[turbopack]_runtime.js
  - /Users/nit/tms/.next/server/pages/_document.js
  - /Users/nit/tms/node_modules/next/dist/server/require.js
  - /Users/nit/tms/node_modules/next/dist/server/load-components.js
  - /Users/nit/tms/node_modules/next/dist/build/utils.js
  - /Users/nit/tms/node_modules/next/dist/build/swc/options.js
  - /Users/nit/tms/node_modules/next/dist/build/swc/index.js
  - /Users/nit/tms/node_modules/next/dist/build/next-config-ts/transpile-config.js
  - /Users/nit/tms/node_modules/next/dist/server/config.js
  - /Users/nit/tms/node_modules/next/dist/cli/next-test.js
  - /Users/nit/tms/node_modules/next/dist/bin/next
      at Context.loadChunkAsync [as l] (.next/server/chunks/ssr/[turbopack]_runtime.js:678:34) {
    code: 'MODULE_NOT_FOUND',
    requireStack: [
      '/Users/nit/tms/.next/server/chunks/ssr/[turbopack]_runtime.js',
      '/Users/nit/tms/.next/server/pages/_document.js',
      '/Users/nit/tms/node_modules/next/dist/server/require.js',
      '/Users/nit/tms/node_modules/next/dist/server/load-components.js',
      '/Users/nit/tms/node_modules/next/dist/build/utils.js',
      '/Users/nit/tms/node_modules/next/dist/build/swc/options.js',
      '/Users/nit/tms/node_modules/next/dist/build/swc/index.js',
      '/Users/nit/tms/node_modules/next/dist/build/next-config-ts/transpile-config.js',
      '/Users/nit/tms/node_modules/next/dist/server/config.js',
      '/Users/nit/tms/node_modules/next/dist/cli/next-test.js',
      '/Users/nit/tms/node_modules/next/dist/bin/next'
    ]
  }
}
You have triggered an unhandledRejection, you may have forgotten to catch a Promise rejection:
ChunkLoadError: Failed to load chunk server/chunks/ssr/[root-of-the-server]__b4725ead._.js from module 725244
    at Context.loadChunkAsync [as l] (/Users/nit/tms/.next/server/chunks/ssr/[turbopack]_runtime.js:683:27)
    at Object.loadChunk (/Users/nit/tms/node_modules/next/dist/compiled/next-server/app-page-turbo.runtime.prod.js:21:17666)
    at globalThis.__next_chunk_load__ (/Users/nit/tms/node_modules/next/dist/compiled/next-server/app-page-turbo.runtime.prod.js:21:18204)
    at d (/Users/nit/tms/node_modules/next/dist/compiled/next-server/app-page-turbo.runtime.prod.js:2:150326)
    at em (/Users/nit/tms/node_modules/next/dist/compiled/next-server/app-page-turbo.runtime.prod.js:2:171956)
    at /Users/nit/tms/node_modules/next/dist/compiled/next-server/app-page-turbo.runtime.prod.js:2:174721
    at eg (/Users/nit/tms/node_modules/next/dist/compiled/next-server/app-page-turbo.runtime.prod.js:2:174748)
    at t (/Users/nit/tms/node_modules/next/dist/compiled/next-server/app-page-turbo.runtime.prod.js:2:175602)
2026-02-18T01:04:43: Error [ChunkLoadError]: Failed to load chunk server/chunks/ssr/[root-of-the-server]__b4725ead._.js from module 725244
    at Context.loadChunkAsync [as l] (.next/server/chunks/ssr/[turbopack]_runtime.js:683:27) {
  digest: '463145494',
  [cause]: Error: Cannot find module '/Users/nit/tms/.next/server/chunks/ssr/[root-of-the-server]__b4725ead._.js'
  Require stack:
  - /Users/nit/tms/.next/server/chunks/ssr/[turbopack]_runtime.js
  - /Users/nit/tms/.next/server/pages/_document.js
  - /Users/nit/tms/node_modules/next/dist/server/require.js
  - /Users/nit/tms/node_modules/next/dist/server/load-components.js
  - /Users/nit/tms/node_modules/next/dist/build/utils.js
  - /Users/nit/tms/node_modules/next/dist/build/swc/options.js
  - /Users/nit/tms/node_modules/next/dist/build/swc/index.js
  - /Users/nit/tms/node_modules/next/dist/build/next-config-ts/transpile-config.js
  - /Users/nit/tms/node_modules/next/dist/server/config.js
  - /Users/nit/tms/node_modules/next/dist/cli/next-test.js
  - /Users/nit/tms/node_modules/next/dist/bin/next
      at Context.loadChunkAsync [as l] (.next/server/chunks/ssr/[turbopack]_runtime.js:678:34) {
    code: 'MODULE_NOT_FOUND',
    requireStack: [
      '/Users/nit/tms/.next/server/chunks/ssr/[turbopack]_runtime.js',
      '/Users/nit/tms/.next/server/pages/_document.js',
      '/Users/nit/tms/node_modules/next/dist/server/require.js',
      '/Users/nit/tms/node_modules/next/dist/server/load-components.js',
      '/Users/nit/tms/node_modules/next/dist/build/utils.js',
      '/Users/nit/tms/node_modules/next/dist/build/swc/options.js',
      '/Users/nit/tms/node_modules/next/dist/build/swc/index.js',
      '/Users/nit/tms/node_modules/next/dist/build/next-config-ts/transpile-config.js',
      '/Users/nit/tms/node_modules/next/dist/server/config.js',
      '/Users/nit/tms/node_modules/next/dist/cli/next-test.js',
      '/Users/nit/tms/node_modules/next/dist/bin/next'
    ]
  }
}
2026-02-18T01:04:43: ⨯ unhandledRejection:  Error [ChunkLoadError]: Failed to load chunk server/chunks/ssr/[root-of-the-server]__b4725ead._.js from module 725244
    at Context.loadChunkAsync [as l] (.next/server/chunks/ssr/[turbopack]_runtime.js:683:27) {
  digest: '463145494',
  [cause]: Error: Cannot find module '/Users/nit/tms/.next/server/chunks/ssr/[root-of-the-server]__b4725ead._.js'
  Require stack:
  - /Users/nit/tms/.next/server/chunks/ssr/[turbopack]_runtime.js
  - /Users/nit/tms/.next/server/pages/_document.js
  - /Users/nit/tms/node_modules/next/dist/server/require.js
  - /Users/nit/tms/node_modules/next/dist/server/load-components.js
  - /Users/nit/tms/node_modules/next/dist/build/utils.js
  - /Users/nit/tms/node_modules/next/dist/build/swc/options.js
  - /Users/nit/tms/node_modules/next/dist/build/swc/index.js
  - /Users/nit/tms/node_modules/next/dist/build/next-config-ts/transpile-config.js
  - /Users/nit/tms/node_modules/next/dist/server/config.js
  - /Users/nit/tms/node_modules/next/dist/cli/next-test.js
  - /Users/nit/tms/node_modules/next/dist/bin/next
      at Context.loadChunkAsync [as l] (.next/server/chunks/ssr/[turbopack]_runtime.js:678:34) {
    code: 'MODULE_NOT_FOUND',
    requireStack: [
      '/Users/nit/tms/.next/server/chunks/ssr/[turbopack]_runtime.js',
      '/Users/nit/tms/.next/server/pages/_document.js',
      '/Users/nit/tms/node_modules/next/dist/server/require.js',
      '/Users/nit/tms/node_modules/next/dist/server/load-components.js',
      '/Users/nit/tms/node_modules/next/dist/build/utils.js',
      '/Users/nit/tms/node_modules/next/dist/build/swc/options.js',
      '/Users/nit/tms/node_modules/next/dist/build/swc/index.js',
      '/Users/nit/tms/node_modules/next/dist/build/next-config-ts/transpile-config.js',
      '/Users/nit/tms/node_modules/next/dist/server/config.js',
      '/Users/nit/tms/node_modules/next/dist/cli/next-test.js',
      '/Users/nit/tms/node_modules/next/dist/bin/next'
    ]
  }
}
2026-02-18T01:04:43: ⨯ Error [ChunkLoadError]: Failed to load chunk server/chunks/ssr/[root-of-the-server]__b4725ead._.js from module 725244
    at Context.loadChunkAsync [as l] (.next/server/chunks/ssr/[turbopack]_runtime.js:683:27) {
  digest: '463145494',
  [cause]: Error: Cannot find module '/Users/nit/tms/.next/server/chunks/ssr/[root-of-the-server]__b4725ead._.js'
  Require stack:
  - /Users/nit/tms/.next/server/chunks/ssr/[turbopack]_runtime.js
  - /Users/nit/tms/.next/server/pages/_document.js
  - /Users/nit/tms/node_modules/next/dist/server/require.js
  - /Users/nit/tms/node_modules/next/dist/server/load-components.js
  - /Users/nit/tms/node_modules/next/dist/build/utils.js
  - /Users/nit/tms/node_modules/next/dist/build/swc/options.js
  - /Users/nit/tms/node_modules/next/dist/build/swc/index.js
  - /Users/nit/tms/node_modules/next/dist/build/next-config-ts/transpile-config.js
  - /Users/nit/tms/node_modules/next/dist/server/config.js
  - /Users/nit/tms/node_modules/next/dist/cli/next-test.js
  - /Users/nit/tms/node_modules/next/dist/bin/next
      at Context.loadChunkAsync [as l] (.next/server/chunks/ssr/[turbopack]_runtime.js:678:34) {
    code: 'MODULE_NOT_FOUND',
    requireStack: [
      '/Users/nit/tms/.next/server/chunks/ssr/[turbopack]_runtime.js',
      '/Users/nit/tms/.next/server/pages/_document.js',
      '/Users/nit/tms/node_modules/next/dist/server/require.js',
      '/Users/nit/tms/node_modules/next/dist/server/load-components.js',
      '/Users/nit/tms/node_modules/next/dist/build/utils.js',
      '/Users/nit/tms/node_modules/next/dist/build/swc/options.js',
      '/Users/nit/tms/node_modules/next/dist/build/swc/index.js',
      '/Users/nit/tms/node_modules/next/dist/build/next-config-ts/transpile-config.js',
      '/Users/nit/tms/node_modules/next/dist/server/config.js',
      '/Users/nit/tms/node_modules/next/dist/cli/next-test.js',
      '/Users/nit/tms/node_modules/next/dist/bin/next'
    ]
  }
}
2026-02-18T09:43:19: [Statspack API] STATSPACK not installed or insufficient privileges
2026-02-18T10:22:21: Error: Failed to find Server Action "x". This request might be from an older or newer deployment.
Read more: https://nextjs.org/docs/messages/failed-to-find-server-action
    at ignore-listed frames
2026-02-18T10:22:21: Error: Failed to find Server Action "x". This request might be from an older or newer deployment.
Read more: https://nextjs.org/docs/messages/failed-to-find-server-action
    at ignore-listed frames
2026-02-18T10:56:16: Error: Failed to find Server Action "x". This request might be from an older or newer deployment.
Read more: https://nextjs.org/docs/messages/failed-to-find-server-action
    at ignore-listed frames
2026-02-18T12:16:36: Error: Failed to find Server Action "x". This request might be from an older or newer deployment.
Read more: https://nextjs.org/docs/messages/failed-to-find-server-action
    at ignore-listed frames
2026-02-18T12:16:39: Error: Failed to find Server Action "x". This request might be from an older or newer deployment.
Read more: https://nextjs.org/docs/messages/failed-to-find-server-action
    at ignore-listed frames
2026-02-18T12:16:39: Error: Failed to find Server Action "x". This request might be from an older or newer deployment.
Read more: https://nextjs.org/docs/messages/failed-to-find-server-action
    at ignore-listed frames
2026-02-18T12:16:40: Error: Failed to find Server Action "x". This request might be from an older or newer deployment.
Read more: https://nextjs.org/docs/messages/failed-to-find-server-action
    at ignore-listed frames
2026-02-18T12:16:40: Error: Failed to find Server Action "x". This request might be from an older or newer deployment.
Read more: https://nextjs.org/docs/messages/failed-to-find-server-action
    at ignore-listed frames
2026-02-18T12:16:41: Error: Failed to find Server Action "x". This request might be from an older or newer deployment.
Read more: https://nextjs.org/docs/messages/failed-to-find-server-action
    at ignore-listed frames
2026-02-18T12:16:42: Error: Failed to find Server Action "x". This request might be from an older or newer deployment.
Read more: https://nextjs.org/docs/messages/failed-to-find-server-action
    at ignore-listed frames
